android/app/build/intermediates/manifest_merge_blame_file/debug/processDebugMainManifest/manifest-merger-blame-debug-report.txt
1<?xml version="1.0" encoding="utf-8"?>
2<manifest xmlns:android="http://schemas.android.com/apk/res/android"
3    package="com.spicetrade.app"
4    android:versionCode="1"
5    android:versionName="1.0" >
6
7    <uses-sdk
8        android:minSdkVersion="26"
9        android:targetSdkVersion="35" />
10
11    <uses-permission android:name="android.permission.INTERNET" />
11-->src\main\AndroidManifest.xml:4:5-67
11-->src\main\AndroidManifest.xml:4:22-64
12    <uses-permission android:name="android.permission.VIBRATE" />
12-->src\main\AndroidManifest.xml:5:5-66
12-->src\main\AndroidManifest.xml:5:22-63
13    <uses-permission android:name="android.permission.POST_NOTIFICATIONS" />
13-->src\main\AndroidManifest.xml:6:5-77
13-->src\main\AndroidManifest.xml:6:22-74
14
15    <permission
15-->[androidx.core:core:1.13.1] AndroidManifest.xml:22:5-24:47
16        android:name="com.spicetrade.app.DYNAMIC_RECEIVER_NOT_EXPORTED_PERMISSION"
16-->[androidx.core:core:1.13.1] AndroidManifest.xml:23:9-81
17        android:protectionLevel="signature" />
17-->[androidx.core:core:1.13.1] AndroidManifest.xml:24:9-44
18
19    <uses-permission android:name="com.spicetrade.app.DYNAMIC_RECEIVER_NOT_EXPORTED_PERMISSION" />
19-->[androidx.core:core:1.13.1] AndroidManifest.xml:26:5-97
19-->[androidx.core:core:1.13.1] AndroidManifest.xml:26:22-94
20
21    <application
21-->src\main\AndroidManifest.xml:8:5-38:19
22        android:name="com.spicetrade.app.SpiceTradeApp"
22-->src\main\AndroidManifest.xml:9:9-38
23        android:allowBackup="true"
23-->src\main\AndroidManifest.xml:10:9-35
24        android:appComponentFactory="androidx.core.app.CoreComponentFactory"
24-->[androidx.core:core:1.13.1] AndroidManifest.xml:28:18-86
25        android:debuggable="true"
26        android:extractNativeLibs="false"
27        android:icon="@mipmap/ic_launcher"
27-->src\main\AndroidManifest.xml:11:9-43
28        android:label="@string/app_name"
28-->src\main\AndroidManifest.xml:12:9-41
29        android:networkSecurityConfig="@xml/network_security_config"
29-->src\main\AndroidManifest.xml:16:9-69
30        android:roundIcon="@mipmap/ic_launcher_round"
30-->src\main\AndroidManifest.xml:13:9-54
31        android:supportsRtl="true"
31-->src\main\AndroidManifest.xml:14:9-35
32        android:testOnly="true"
33        android:theme="@style/Theme.SpiceTrade"
33-->src\main\AndroidManifest.xml:15:9-48
34        android:usesCleartextTraffic="false" >
34-->src\main\AndroidManifest.xml:17:9-45
35        <activity
35-->src\main\AndroidManifest.xml:18:9-26:20
36            android:name="com.spicetrade.app.MainActivity"
36-->src\main\AndroidManifest.xml:19:13-41
37            android:exported="true"
37-->src\main\AndroidManifest.xml:20:13-36
38            android:theme="@style/Theme.SpiceTrade" >
38-->src\main\AndroidManifest.xml:21:13-52
39            <intent-filter>
39-->src\main\AndroidManifest.xml:22:13-25:29
40                <action android:name="android.intent.action.MAIN" />
40-->src\main\AndroidManifest.xml:23:17-69
40-->src\main\AndroidManifest.xml:23:25-66
41
42                <category android:name="android.intent.category.LAUNCHER" />
42-->src\main\AndroidManifest.xml:24:17-77
42-->src\main\AndroidManifest.xml:24:27-74
43            </intent-filter>
44        </activity>
45
46        <!-- Firebase Cloud Messaging service (uncomment after adding google-services.json) -->
47        <!--
48        <service
49            android:name=".SpiceTradeFCMService"
50            android:exported="false">
51            <intent-filter>
52                <action android:name="com.google.firebase.MESSAGING_EVENT" />
53            </intent-filter>
54        </service>
55        -->
56        <provider
56-->[androidx.emoji2:emoji2:1.3.0] AndroidManifest.xml:24:9-32:20
57            android:name="androidx.startup.InitializationProvider"
57-->[androidx.emoji2:emoji2:1.3.0] AndroidManifest.xml:25:13-67
58            android:authorities="com.spicetrade.app.androidx-startup"
58-->[androidx.emoji2:emoji2:1.3.0] AndroidManifest.xml:26:13-68
59            android:exported="false" >
59-->[androidx.emoji2:emoji2:1.3.0] AndroidManifest.xml:27:13-37
60            <meta-data
60-->[androidx.emoji2:emoji2:1.3.0] AndroidManifest.xml:29:13-31:52
61                android:name="androidx.emoji2.text.EmojiCompatInitializer"
61-->[androidx.emoji2:emoji2:1.3.0] AndroidManifest.xml:30:17-75
62                android:value="androidx.startup" />
62-->[androidx.emoji2:emoji2:1.3.0] AndroidManifest.xml:31:17-49
63            <meta-data
63-->[androidx.lifecycle:lifecycle-process:2.8.4] AndroidManifest.xml:29:13-31:52
64                android:name="androidx.lifecycle.ProcessLifecycleInitializer"
64-->[androidx.lifecycle:lifecycle-process:2.8.4] AndroidManifest.xml:30:17-78
65                android:value="androidx.startup" />
65-->[androidx.lifecycle:lifecycle-process:2.8.4] AndroidManifest.xml:31:17-49
66            <meta-data
66-->[androidx.profileinstaller:profileinstaller:1.3.1] AndroidManifest.xml:29:13-31:52
67                android:name="androidx.profileinstaller.ProfileInstallerInitializer"
67-->[androidx.profileinstaller:profileinstaller:1.3.1] AndroidManifest.xml:30:17-85
68                android:value="androidx.startup" />
68-->[androidx.profileinstaller:profileinstaller:1.3.1] AndroidManifest.xml:31:17-49
69        </provider>
70
71        <activity
71-->[androidx.compose.ui:ui-tooling-android:1.6.8] AndroidManifest.xml:23:9-25:39
72            android:name="androidx.compose.ui.tooling.PreviewActivity"
72-->[androidx.compose.ui:ui-tooling-android:1.6.8] AndroidManifest.xml:24:13-71
73            android:exported="true" />
73-->[androidx.compose.ui:ui-tooling-android:1.6.8] AndroidManifest.xml:25:13-36
74
75        <service
75-->[androidx.room:room-runtime:2.6.1] AndroidManifest.xml:24:9-28:63
76            android:name="androidx.room.MultiInstanceInvalidationService"
76-->[androidx.room:room-runtime:2.6.1] AndroidManifest.xml:25:13-74
77            android:directBootAware="true"
77-->[androidx.room:room-runtime:2.6.1] AndroidManifest.xml:26:13-43
78            android:exported="false" />
78-->[androidx.room:room-runtime:2.6.1] AndroidManifest.xml:27:13-37
79
80        <receiver
80-->[androidx.profileinstaller:profileinstaller:1.3.1] AndroidManifest.xml:34:9-52:20
81            android:name="androidx.profileinstaller.ProfileInstallReceiver"
81-->[androidx.profileinstaller:profileinstaller:1.3.1] AndroidManifest.xml:35:13-76
82            android:directBootAware="false"
82-->[androidx.profileinstaller:profileinstaller:1.3.1] AndroidManifest.xml:36:13-44
83            android:enabled="true"
83-->[androidx.profileinstaller:profileinstaller:1.3.1] AndroidManifest.xml:37:13-35
84            android:exported="true"
84-->[androidx.profileinstaller:profileinstaller:1.3.1] AndroidManifest.xml:38:13-36
85            android:permission="android.permission.DUMP" >
85-->[androidx.profileinstaller:profileinstaller:1.3.1] AndroidManifest.xml:39:13-57
86            <intent-filter>
86-->[androidx.profileinstaller:profileinstaller:1.3.1] AndroidManifest.xml:40:13-42:29
87                <action android:name="androidx.profileinstaller.action.INSTALL_PROFILE" />
87-->[androidx.profileinstaller:profileinstaller:1.3.1] AndroidManifest.xml:41:17-91
87-->[androidx.profileinstaller:profileinstaller:1.3.1] AndroidManifest.xml:41:25-88
88            </intent-filter>
89            <intent-filter>
89-->[androidx.profileinstaller:profileinstaller:1.3.1] AndroidManifest.xml:43:13-45:29
90                <action android:name="androidx.profileinstaller.action.SKIP_FILE" />
90-->[androidx.profileinstaller:profileinstaller:1.3.1] AndroidManifest.xml:44:17-85
90-->[androidx.profileinstaller:profileinstaller:1.3.1] AndroidManifest.xml:44:25-82
91            </intent-filter>
92            <intent-filter>
92-->[androidx.profileinstaller:profileinstaller:1.3.1] AndroidManifest.xml:46:13-48:29
93                <action android:name="androidx.profileinstaller.action.SAVE_PROFILE" />
93-->[androidx.profileinstaller:profileinstaller:1.3.1] AndroidManifest.xml:47:17-88
93-->[androidx.profileinstaller:profileinstaller:1.3.1] AndroidManifest.xml:47:25-85
94            </intent-filter>
95            <intent-filter>
95-->[androidx.profileinstaller:profileinstaller:1.3.1] AndroidManifest.xml:49:13-51:29
96                <action android:name="androidx.profileinstaller.action.BENCHMARK_OPERATION" />
96-->[androidx.profileinstaller:profileinstaller:1.3.1] AndroidManifest.xml:50:17-95
96-->[androidx.profileinstaller:profileinstaller:1.3.1] AndroidManifest.xml:50:25-92
97            </intent-filter>
98        </receiver>
99    </application>
100
101</manifest>